<?xml version="1.0" encoding="UTF-8"?>
<testsuite name="com.example.demo.controllers.MutantControllerTest" tests="4" skipped="0" failures="0" errors="0" timestamp="2021-07-18T06:03:20" hostname="ALBERBARROS" time="0.65">
  <properties/>
  <testcase name="validIsMutantForbidden()" classname="com.example.demo.controllers.MutantControllerTest" time="0.63"/>
  <testcase name="validStats()" classname="com.example.demo.controllers.MutantControllerTest" time="0.003"/>
  <testcase name="validIsMutantInternalErr()" classname="com.example.demo.controllers.MutantControllerTest" time="0.012"/>
  <testcase name="validIsMutantOk()" classname="com.example.demo.controllers.MutantControllerTest" time="0.002"/>
  <system-out><![CDATA[]]></system-out>
  <system-err><![CDATA[]]></system-err>
</testsuite>
