<?xml version="1.0" encoding="UTF-8"?>
<testsuite name="com.example.demo.models.DnaTest" tests="1" skipped="0" failures="0" errors="0" timestamp="2021-07-18T06:03:28" hostname="ALBERBARROS" time="0.001">
  <properties/>
  <testcase name="validSetGet()" classname="com.example.demo.models.DnaTest" time="0.001"/>
  <system-out><![CDATA[]]></system-out>
  <system-err><![CDATA[]]></system-err>
</testsuite>
